2023.06.19 11:01:42 INFO  Started: Metals version 0.11.12 in workspace 'C:\Users\Lumbini\Desktop\UCSC\2nd Year\2nd Year 1st Sem\SCS2204 - Functional Programming\Lab Sheet 01' for client Visual Studio Code 1.79.1.
Jun 19, 2023 11:01:42 AM org.flywaydb.core.internal.license.VersionPrinter printVersionOnly
INFO: Flyway Community Edition 9.16.3 by Redgate
Jun 19, 2023 11:01:42 AM org.flywaydb.core.internal.license.VersionPrinter printVersion
INFO: See release notes here: https://rd.gt/416ObMi
Jun 19, 2023 11:01:42 AM org.flywaydb.core.internal.license.VersionPrinter printVersion
INFO: 
Jun 19, 2023 11:01:43 AM org.flywaydb.core.internal.database.base.BaseDatabaseType createDatabase
INFO: Database: jdbc:h2:file:C:\Users\Lumbini\Desktop\UCSC\2nd Year\2nd Year 1st Sem\SCS2204 - Functional Programming\Lab Sheet 01\.metals\metals (H2 2.1)
Jun 19, 2023 11:01:43 AM org.flywaydb.core.internal.schemahistory.JdbcTableSchemaHistory allAppliedMigrations
INFO: Schema history table "PUBLIC"."flyway_schema_history" does not exist yet
Jun 19, 2023 11:01:43 AM org.flywaydb.core.internal.command.DbValidate validate
INFO: Successfully validated 4 migrations (execution time 00:00.035s)
Jun 19, 2023 11:01:43 AM org.flywaydb.core.internal.schemahistory.JdbcTableSchemaHistory create
INFO: Creating Schema History table "PUBLIC"."flyway_schema_history" ...
Jun 19, 2023 11:01:43 AM org.flywaydb.core.internal.command.DbMigrate migrateGroup
INFO: Current version of schema "PUBLIC": << Empty Schema >>
Jun 19, 2023 11:01:43 AM org.flywaydb.core.internal.command.DbMigrate doMigrateGroup
INFO: Migrating schema "PUBLIC" to version "1 - Create tables"
Jun 19, 2023 11:01:43 AM org.flywaydb.core.internal.command.DbMigrate doMigrateGroup
INFO: Migrating schema "PUBLIC" to version "2 - Server discovery"
Jun 19, 2023 11:01:43 AM org.flywaydb.core.internal.command.DbMigrate doMigrateGroup
INFO: Migrating schema "PUBLIC" to version "3 - Jar symbols"
Jun 19, 2023 11:01:43 AM org.flywaydb.core.internal.command.DbMigrate doMigrateGroup
INFO: Migrating schema "PUBLIC" to version "4 - Fingerprints"
Jun 19, 2023 11:01:43 AM org.flywaydb.core.internal.command.DbMigrate logSummary
INFO: Successfully applied 4 migrations to schema "PUBLIC", now at version v4 (execution time 00:00.108s)
2023.06.19 11:01:43 INFO  time: initialize in 1.24s
2023.06.19 11:01:47 WARN  Build server is not auto-connectable.
2023.06.19 11:01:47 WARN  no build tool detected in workspace 'C:\Users\Lumbini\Desktop\UCSC\2nd Year\2nd Year 1st Sem\SCS2204 - Functional Programming\Lab Sheet 01'. The most common cause for this problem is that the editor was opened in the wrong working directory, for example if you use sbt then the workspace directory should contain build.sbt. 
2023.06.19 11:01:47 WARN  no build target for: C:\Users\Lumbini\Desktop\UCSC\2nd Year\2nd Year 1st Sem\SCS2204 - Functional Programming\Lab Sheet 01\Q1.scala
2023.06.19 11:01:53 INFO  no build target found for C:\Users\Lumbini\Desktop\UCSC\2nd Year\2nd Year 1st Sem\SCS2204 - Functional Programming\Lab Sheet 01\Q1.scala. Using presentation compiler with project's scala-library version: 3.2.2
2023.06.19 11:01:58 INFO  time: code lens generation in 10s
2023.06.19 11:01:58 INFO  time: code lens generation in 5.89s
2023.06.19 11:03:22 WARN  no build target for: C:\Users\Lumbini\Desktop\UCSC\2nd Year\2nd Year 1st Sem\SCS2204 - Functional Programming\Lab Sheet 01\Q1.scala
2023.06.19 11:04:38 WARN  no build target for: C:\Users\Lumbini\Desktop\UCSC\2nd Year\2nd Year 1st Sem\SCS2204 - Functional Programming\Lab Sheet 01\Q1.scala
2023.06.19 11:06:56 WARN  no build target for: C:\Users\Lumbini\Desktop\UCSC\2nd Year\2nd Year 1st Sem\SCS2204 - Functional Programming\Lab Sheet 01\Q1.scala
2023.06.19 11:07:33 WARN  no build target for: C:\Users\Lumbini\Desktop\UCSC\2nd Year\2nd Year 1st Sem\SCS2204 - Functional Programming\Lab Sheet 01\Q1.scala
2023.06.19 11:07:34 INFO  Shutting down server
2023.06.19 11:07:34 INFO  shutting down Metals
2023.06.19 11:07:34 INFO  Exiting server
