2023.06.19 11:08:00 INFO  Started: Metals version 0.11.12 in workspace 'C:\Users\Lumbini\Desktop\UCSC\2nd Year\2nd Year 1st Sem\SCS2204 - Functional Programming\Lab Sheet 02' for client Visual Studio Code 1.79.1.
Jun 19, 2023 11:08:00 AM org.flywaydb.core.internal.license.VersionPrinter printVersionOnly
INFO: Flyway Community Edition 9.16.3 by Redgate
Jun 19, 2023 11:08:00 AM org.flywaydb.core.internal.license.VersionPrinter printVersion
INFO: See release notes here: https://rd.gt/416ObMi
Jun 19, 2023 11:08:00 AM org.flywaydb.core.internal.license.VersionPrinter printVersion
INFO: 
Jun 19, 2023 11:08:01 AM org.flywaydb.core.internal.database.base.BaseDatabaseType createDatabase
INFO: Database: jdbc:h2:file:C:\Users\Lumbini\Desktop\UCSC\2nd Year\2nd Year 1st Sem\SCS2204 - Functional Programming\Lab Sheet 02\.metals\metals (H2 2.1)
Jun 19, 2023 11:08:01 AM org.flywaydb.core.internal.schemahistory.JdbcTableSchemaHistory allAppliedMigrations
INFO: Schema history table "PUBLIC"."flyway_schema_history" does not exist yet
Jun 19, 2023 11:08:01 AM org.flywaydb.core.internal.command.DbValidate validate
INFO: Successfully validated 4 migrations (execution time 00:00.038s)
Jun 19, 2023 11:08:01 AM org.flywaydb.core.internal.schemahistory.JdbcTableSchemaHistory create
INFO: Creating Schema History table "PUBLIC"."flyway_schema_history" ...
Jun 19, 2023 11:08:01 AM org.flywaydb.core.internal.command.DbMigrate migrateGroup
INFO: Current version of schema "PUBLIC": << Empty Schema >>
Jun 19, 2023 11:08:01 AM org.flywaydb.core.internal.command.DbMigrate doMigrateGroup
INFO: Migrating schema "PUBLIC" to version "1 - Create tables"
Jun 19, 2023 11:08:01 AM org.flywaydb.core.internal.command.DbMigrate doMigrateGroup
INFO: Migrating schema "PUBLIC" to version "2 - Server discovery"
Jun 19, 2023 11:08:01 AM org.flywaydb.core.internal.command.DbMigrate doMigrateGroup
INFO: Migrating schema "PUBLIC" to version "3 - Jar symbols"
Jun 19, 2023 11:08:01 AM org.flywaydb.core.internal.command.DbMigrate doMigrateGroup
INFO: Migrating schema "PUBLIC" to version "4 - Fingerprints"
Jun 19, 2023 11:08:01 AM org.flywaydb.core.internal.command.DbMigrate logSummary
INFO: Successfully applied 4 migrations to schema "PUBLIC", now at version v4 (execution time 00:00.154s)
2023.06.19 11:08:01 INFO  time: initialize in 1.32s
2023.06.19 11:08:06 WARN  Build server is not auto-connectable.
2023.06.19 11:08:06 WARN  no build tool detected in workspace 'C:\Users\Lumbini\Desktop\UCSC\2nd Year\2nd Year 1st Sem\SCS2204 - Functional Programming\Lab Sheet 02'. The most common cause for this problem is that the editor was opened in the wrong working directory, for example if you use sbt then the workspace directory should contain build.sbt. 
2023.06.19 11:08:06 WARN  no build target for: C:\Users\Lumbini\Desktop\UCSC\2nd Year\2nd Year 1st Sem\SCS2204 - Functional Programming\Lab Sheet 02\Q1.scala
2023.06.19 11:08:11 INFO  no build target found for C:\Users\Lumbini\Desktop\UCSC\2nd Year\2nd Year 1st Sem\SCS2204 - Functional Programming\Lab Sheet 02\Q1.scala. Using presentation compiler with project's scala-library version: 3.2.2
2023.06.19 11:08:15 INFO  time: code lens generation in 8.72s
2023.06.19 11:08:27 WARN  no build target for: C:\Users\Lumbini\Desktop\UCSC\2nd Year\2nd Year 1st Sem\SCS2204 - Functional Programming\Lab Sheet 02\Q2.scala
2023.06.19 11:13:58 WARN  no build target for: C:\Users\Lumbini\Desktop\UCSC\2nd Year\2nd Year 1st Sem\SCS2204 - Functional Programming\Lab Sheet 02\Q2.scala
Jun 19, 2023 11:14:14 AM org.eclipse.lsp4j.jsonrpc.RemoteEndpoint handleCancellation
WARNING: Unmatched cancel notification for request id 598
2023.06.19 11:14:28 WARN  no build target for: C:\Users\Lumbini\Desktop\UCSC\2nd Year\2nd Year 1st Sem\SCS2204 - Functional Programming\Lab Sheet 02\Q2.scala
2023.06.19 11:14:44 WARN  no build target for: C:\Users\Lumbini\Desktop\UCSC\2nd Year\2nd Year 1st Sem\SCS2204 - Functional Programming\Lab Sheet 02\Q2.scala
2023.06.19 11:14:58 WARN  no build target for: C:\Users\Lumbini\Desktop\UCSC\2nd Year\2nd Year 1st Sem\SCS2204 - Functional Programming\Lab Sheet 02\Q2.scala
2023.06.19 11:15:42 WARN  no build target for: C:\Users\Lumbini\Desktop\UCSC\2nd Year\2nd Year 1st Sem\SCS2204 - Functional Programming\Lab Sheet 02\Q3.scala
2023.06.19 11:16:19 WARN  no build target for: C:\Users\Lumbini\Desktop\UCSC\2nd Year\2nd Year 1st Sem\SCS2204 - Functional Programming\Lab Sheet 02\Q2.scala
2023.06.19 11:16:43 WARN  no build target for: C:\Users\Lumbini\Desktop\UCSC\2nd Year\2nd Year 1st Sem\SCS2204 - Functional Programming\Lab Sheet 02\Q2.scala
2023.06.19 11:22:57 WARN  no build target for: C:\Users\Lumbini\Desktop\UCSC\2nd Year\2nd Year 1st Sem\SCS2204 - Functional Programming\Lab Sheet 02\Q3.scala
2023.06.19 11:23:16 WARN  no build target for: C:\Users\Lumbini\Desktop\UCSC\2nd Year\2nd Year 1st Sem\SCS2204 - Functional Programming\Lab Sheet 02\Q3.scala
Jun 19, 2023 11:23:38 AM org.eclipse.lsp4j.jsonrpc.RemoteEndpoint handleCancellation
WARNING: Unmatched cancel notification for request id 1533
2023.06.19 11:23:52 WARN  no build target for: C:\Users\Lumbini\Desktop\UCSC\2nd Year\2nd Year 1st Sem\SCS2204 - Functional Programming\Lab Sheet 02\Q3.scala
2023.06.19 11:24:29 WARN  no build target for: C:\Users\Lumbini\Desktop\UCSC\2nd Year\2nd Year 1st Sem\SCS2204 - Functional Programming\Lab Sheet 02\Q4.scala
2023.06.19 16:31:43 INFO  Shutting down server
2023.06.19 16:31:43 INFO  shutting down Metals
2023.06.19 16:31:43 INFO  Exiting server
2023.06.19 21:31:28 INFO  Started: Metals version 0.11.12 in workspace 'C:\Users\Lumbini\Desktop\UCSC\2nd Year\2nd Year 1st Sem\SCS2204 - Functional Programming\Lab Sheet 02' for client Visual Studio Code 1.79.2.
Jun 19, 2023 9:31:28 PM org.flywaydb.core.internal.license.VersionPrinter printVersionOnly
INFO: Flyway Community Edition 9.16.3 by Redgate
Jun 19, 2023 9:31:28 PM org.flywaydb.core.internal.license.VersionPrinter printVersion
INFO: See release notes here: https://rd.gt/416ObMi
Jun 19, 2023 9:31:28 PM org.flywaydb.core.internal.license.VersionPrinter printVersion
INFO: 
Jun 19, 2023 9:31:29 PM org.flywaydb.core.internal.database.base.BaseDatabaseType createDatabase
INFO: Database: jdbc:h2:file:C:\Users\Lumbini\Desktop\UCSC\2nd Year\2nd Year 1st Sem\SCS2204 - Functional Programming\Lab Sheet 02\.metals\metals (H2 2.1)
Jun 19, 2023 9:31:29 PM org.flywaydb.core.internal.command.DbValidate validate
INFO: Successfully validated 4 migrations (execution time 00:00.037s)
Jun 19, 2023 9:31:29 PM org.flywaydb.core.internal.command.DbMigrate migrateGroup
INFO: Current version of schema "PUBLIC": 4
Jun 19, 2023 9:31:29 PM org.flywaydb.core.internal.command.DbMigrate logSummary
INFO: Schema "PUBLIC" is up to date. No migration necessary.
2023.06.19 21:31:29 INFO  time: initialize in 1.18s
2023.06.19 21:31:33 WARN  Build server is not auto-connectable.
2023.06.19 21:31:33 WARN  no build tool detected in workspace 'C:\Users\Lumbini\Desktop\UCSC\2nd Year\2nd Year 1st Sem\SCS2204 - Functional Programming\Lab Sheet 02'. The most common cause for this problem is that the editor was opened in the wrong working directory, for example if you use sbt then the workspace directory should contain build.sbt. 
2023.06.19 21:31:33 WARN  no build target for: C:\Users\Lumbini\Desktop\UCSC\2nd Year\2nd Year 1st Sem\SCS2204 - Functional Programming\Lab Sheet 02\Q2.scala
2023.06.19 21:31:33 WARN  no build target for: C:\Users\Lumbini\Desktop\UCSC\2nd Year\2nd Year 1st Sem\SCS2204 - Functional Programming\Lab Sheet 02\Q4.scala
2023.06.19 21:31:33 WARN  no build target for: C:\Users\Lumbini\Desktop\UCSC\2nd Year\2nd Year 1st Sem\SCS2204 - Functional Programming\Lab Sheet 02\Q3.scala
2023.06.19 21:31:41 INFO  no build target found for C:\Users\Lumbini\Desktop\UCSC\2nd Year\2nd Year 1st Sem\SCS2204 - Functional Programming\Lab Sheet 02\Q3.scala. Using presentation compiler with project's scala-library version: 3.2.2
2023.06.19 21:32:03 WARN  no build target for: C:\Users\Lumbini\Desktop\UCSC\2nd Year\2nd Year 1st Sem\SCS2204 - Functional Programming\Lab Sheet 02\Q2.scala
2023.06.19 21:32:21 WARN  no build target for: C:\Users\Lumbini\Desktop\UCSC\2nd Year\2nd Year 1st Sem\SCS2204 - Functional Programming\Lab Sheet 02\Q2.scala
2023.06.19 21:32:41 WARN  no build target for: C:\Users\Lumbini\Desktop\UCSC\2nd Year\2nd Year 1st Sem\SCS2204 - Functional Programming\Lab Sheet 02\Q2.scala
2023.06.19 21:34:25 WARN  no build target for: C:\Users\Lumbini\Desktop\UCSC\2nd Year\2nd Year 1st Sem\SCS2204 - Functional Programming\Lab Sheet 02\Q2.scala
2023.06.19 21:35:31 WARN  no build target for: C:\Users\Lumbini\Desktop\UCSC\2nd Year\2nd Year 1st Sem\SCS2204 - Functional Programming\Lab Sheet 02\Q2.scala
2023.06.19 21:36:01 WARN  no build target for: C:\Users\Lumbini\Desktop\UCSC\2nd Year\2nd Year 1st Sem\SCS2204 - Functional Programming\Lab Sheet 02\Q2.scala
2023.06.19 21:36:05 WARN  no build target for: C:\Users\Lumbini\Desktop\UCSC\2nd Year\2nd Year 1st Sem\SCS2204 - Functional Programming\Lab Sheet 02\Q1.scala
Jun 19, 2023 9:36:34 PM org.eclipse.lsp4j.jsonrpc.RemoteEndpoint handleCancellation
WARNING: Unmatched cancel notification for request id 676
Jun 19, 2023 9:36:36 PM org.eclipse.lsp4j.jsonrpc.RemoteEndpoint handleCancellation
WARNING: Unmatched cancel notification for request id 694
2023.06.19 21:37:06 WARN  no build target for: C:\Users\Lumbini\Desktop\UCSC\2nd Year\2nd Year 1st Sem\SCS2204 - Functional Programming\Lab Sheet 02\Q1.scala
Jun 19, 2023 9:37:52 PM org.eclipse.lsp4j.jsonrpc.RemoteEndpoint handleCancellation
WARNING: Unmatched cancel notification for request id 912
Jun 19, 2023 9:37:55 PM org.eclipse.lsp4j.jsonrpc.RemoteEndpoint handleCancellation
WARNING: Unmatched cancel notification for request id 944
Jun 19, 2023 9:37:58 PM org.eclipse.lsp4j.jsonrpc.RemoteEndpoint handleCancellation
WARNING: Unmatched cancel notification for request id 960
2023.06.19 21:38:10 WARN  no build target for: C:\Users\Lumbini\Desktop\UCSC\2nd Year\2nd Year 1st Sem\SCS2204 - Functional Programming\Lab Sheet 02\Q1.scala
2023.06.19 22:49:54 WARN  no build target for: C:\Users\Lumbini\Downloads\Q04.scala
Jun 19, 2023 10:51:35 PM org.eclipse.lsp4j.jsonrpc.RemoteEndpoint handleCancellation
WARNING: Unmatched cancel notification for request id 2158
Jun 19, 2023 10:52:31 PM org.eclipse.lsp4j.jsonrpc.RemoteEndpoint handleCancellation
WARNING: Unmatched cancel notification for request id 2193
Jun 19, 2023 11:08:30 PM org.eclipse.lsp4j.jsonrpc.RemoteEndpoint handleCancellation
WARNING: Unmatched cancel notification for request id 3794
2023.06.19 23:08:48 WARN  no build target for: C:\Users\Lumbini\Desktop\UCSC\2nd Year\2nd Year 1st Sem\SCS2204 - Functional Programming\Lab Sheet 02\Q4.scala
Jun 19, 2023 11:09:49 PM org.eclipse.lsp4j.jsonrpc.RemoteEndpoint handleCancellation
WARNING: Unmatched cancel notification for request id 3932
2023.06.19 23:09:52 WARN  no build target for: C:\Users\Lumbini\Desktop\UCSC\2nd Year\2nd Year 1st Sem\SCS2204 - Functional Programming\Lab Sheet 02\Q4.scala
2023.06.19 23:10:22 WARN  no build target for: C:\Users\Lumbini\Desktop\UCSC\2nd Year\2nd Year 1st Sem\SCS2204 - Functional Programming\Lab Sheet 02\Q4.scala
2023.06.19 23:10:40 INFO  Shutting down server
2023.06.19 23:10:40 INFO  shutting down Metals
2023.06.19 23:10:40 INFO  Exiting server
2023.06.20 13:48:34 INFO  Started: Metals version 0.11.12 in workspace 'C:\Users\Lumbini\Desktop\UCSC\2nd Year\2nd Year 1st Sem\SCS2204 - Functional Programming\Lab Sheet 02' for client Visual Studio Code 1.79.2.
Jun 20, 2023 1:48:34 PM org.flywaydb.core.internal.license.VersionPrinter printVersionOnly
INFO: Flyway Community Edition 9.16.3 by Redgate
Jun 20, 2023 1:48:34 PM org.flywaydb.core.internal.license.VersionPrinter printVersion
INFO: See release notes here: https://rd.gt/416ObMi
Jun 20, 2023 1:48:34 PM org.flywaydb.core.internal.license.VersionPrinter printVersion
INFO: 
Jun 20, 2023 1:48:34 PM org.flywaydb.core.internal.database.base.BaseDatabaseType createDatabase
INFO: Database: jdbc:h2:file:C:\Users\Lumbini\Desktop\UCSC\2nd Year\2nd Year 1st Sem\SCS2204 - Functional Programming\Lab Sheet 02\.metals\metals (H2 2.1)
Jun 20, 2023 1:48:35 PM org.flywaydb.core.internal.command.DbValidate validate
INFO: Successfully validated 4 migrations (execution time 00:00.044s)
Jun 20, 2023 1:48:35 PM org.flywaydb.core.internal.command.DbMigrate migrateGroup
INFO: Current version of schema "PUBLIC": 4
Jun 20, 2023 1:48:35 PM org.flywaydb.core.internal.command.DbMigrate logSummary
INFO: Schema "PUBLIC" is up to date. No migration necessary.
2023.06.20 13:48:35 INFO  time: initialize in 1.03s
2023.06.20 13:48:40 WARN  Build server is not auto-connectable.
2023.06.20 13:48:40 WARN  no build tool detected in workspace 'C:\Users\Lumbini\Desktop\UCSC\2nd Year\2nd Year 1st Sem\SCS2204 - Functional Programming\Lab Sheet 02'. The most common cause for this problem is that the editor was opened in the wrong working directory, for example if you use sbt then the workspace directory should contain build.sbt. 
Jun 20, 2023 1:48:40 PM org.eclipse.lsp4j.jsonrpc.RemoteEndpoint handleCancellation
WARNING: Unmatched cancel notification for request id 1
2023.06.20 13:48:40 WARN  no build target for: C:\Users\Lumbini\Downloads\Q04.scala
2023.06.20 13:48:40 WARN  no build target for: C:\Users\Lumbini\Desktop\UCSC\2nd Year\2nd Year 1st Sem\SCS2204 - Functional Programming\Lab Sheet 02\Q4.scala
2023.06.20 13:48:45 INFO  no build target found for C:\Users\Lumbini\Desktop\UCSC\2nd Year\2nd Year 1st Sem\SCS2204 - Functional Programming\Lab Sheet 02\Q4.scala. Using presentation compiler with project's scala-library version: 3.2.2
2023.06.20 13:48:46 WARN  no build target for: C:\Users\Lumbini\Desktop\UCSC\2nd Year\2nd Year 1st Sem\SCS2204 - Functional Programming\Lab Sheet 02\Q2.scala
2023.06.20 13:48:48 WARN  no build target for: C:\Users\Lumbini\Desktop\UCSC\2nd Year\2nd Year 1st Sem\SCS2204 - Functional Programming\Lab Sheet 02\Q3.scala
2023.06.20 13:48:49 INFO  time: code lens generation in 3.03s
2023.06.20 13:48:49 INFO  time: code lens generation in 7.7s
2023.06.20 13:48:49 INFO  time: code lens generation in 9.57s
2023.06.20 13:48:49 INFO  time: code lens generation in 9.73s
Jun 20, 2023 1:49:24 PM org.eclipse.lsp4j.jsonrpc.RemoteEndpoint handleCancellation
WARNING: Unmatched cancel notification for request id 118
Jun 20, 2023 1:49:52 PM org.eclipse.lsp4j.jsonrpc.RemoteEndpoint handleCancellation
WARNING: Unmatched cancel notification for request id 232
Jun 20, 2023 1:50:45 PM org.eclipse.lsp4j.jsonrpc.RemoteEndpoint handleCancellation
WARNING: Unmatched cancel notification for request id 540
Jun 20, 2023 1:54:55 PM org.eclipse.lsp4j.jsonrpc.RemoteEndpoint handleCancellation
WARNING: Unmatched cancel notification for request id 1284
Jun 20, 2023 1:54:55 PM org.eclipse.lsp4j.jsonrpc.RemoteEndpoint handleCancellation
WARNING: Unmatched cancel notification for request id 1285
Jun 20, 2023 1:55:08 PM org.eclipse.lsp4j.jsonrpc.RemoteEndpoint handleCancellation
WARNING: Unmatched cancel notification for request id 1329
2023.06.20 13:55:27 WARN  no build target for: C:\Users\Lumbini\Desktop\UCSC\2nd Year\2nd Year 1st Sem\SCS2204 - Functional Programming\Lab Sheet 02\Q3.scala
2023.06.20 13:55:27 WARN  no build target for: C:\Users\Lumbini\Desktop\UCSC\2nd Year\2nd Year 1st Sem\SCS2204 - Functional Programming\Lab Sheet 02\Q3.scala
Exception in thread "pool-3-thread-1" java.lang.InterruptedException
	at scala.meta.internal.metals.FutureCancelToken.checkCanceled(FutureCancelToken.scala:29)
	at scala.meta.internal.pc.CompilerAccess.onCompilerJobQueue$$anonfun$1(CompilerAccess.scala:195)
	at scala.meta.internal.pc.CompilerJobQueue$Job.run(CompilerJobQueue.scala:152)
	at java.base/java.util.concurrent.ThreadPoolExecutor.runWorker(ThreadPoolExecutor.java:1136)
	at java.base/java.util.concurrent.ThreadPoolExecutor$Worker.run(ThreadPoolExecutor.java:635)
	at java.base/java.lang.Thread.run(Thread.java:833)
2023.06.20 13:55:42 WARN  no build target for: C:\Users\Lumbini\Desktop\UCSC\2nd Year\2nd Year 1st Sem\SCS2204 - Functional Programming\Lab Sheet 02\Q3.scala
2023.06.20 13:56:36 WARN  no build target for: C:\Users\Lumbini\Desktop\UCSC\2nd Year\2nd Year 1st Sem\SCS2204 - Functional Programming\Lab Sheet 02\Q3.scala
2023.06.20 14:01:03 WARN  no build target for: C:\Users\Lumbini\Desktop\UCSC\2nd Year\2nd Year 1st Sem\SCS2204 - Functional Programming\Lab Sheet 02\Q3.scala
2023.06.20 14:01:44 WARN  no build target for: C:\Users\Lumbini\Desktop\UCSC\2nd Year\2nd Year 1st Sem\SCS2204 - Functional Programming\Lab Sheet 02\Q3.scala
2023.06.20 14:20:43 INFO  Shutting down server
2023.06.20 14:20:43 INFO  shutting down Metals
2023.06.20 14:20:43 INFO  Exiting server
2023.06.23 13:05:37 INFO  Started: Metals version 0.11.12 in workspace 'C:\Users\Lumbini\Desktop\UCSC\2nd Year\2nd Year 1st Sem\SCS2204 - Functional Programming\Lab Sheet 02' for client Visual Studio Code 1.79.2.
Jun 23, 2023 1:05:37 PM org.flywaydb.core.internal.license.VersionPrinter printVersionOnly
INFO: Flyway Community Edition 9.16.3 by Redgate
Jun 23, 2023 1:05:37 PM org.flywaydb.core.internal.license.VersionPrinter printVersion
INFO: See release notes here: https://rd.gt/416ObMi
Jun 23, 2023 1:05:37 PM org.flywaydb.core.internal.license.VersionPrinter printVersion
INFO: 
Jun 23, 2023 1:05:37 PM org.flywaydb.core.internal.database.base.BaseDatabaseType createDatabase
INFO: Database: jdbc:h2:file:C:\Users\Lumbini\Desktop\UCSC\2nd Year\2nd Year 1st Sem\SCS2204 - Functional Programming\Lab Sheet 02\.metals\metals (H2 2.1)
Jun 23, 2023 1:05:37 PM org.flywaydb.core.internal.command.DbValidate validate
INFO: Successfully validated 4 migrations (execution time 00:00.042s)
Jun 23, 2023 1:05:37 PM org.flywaydb.core.internal.command.DbMigrate migrateGroup
INFO: Current version of schema "PUBLIC": 4
Jun 23, 2023 1:05:37 PM org.flywaydb.core.internal.command.DbMigrate logSummary
INFO: Schema "PUBLIC" is up to date. No migration necessary.
2023.06.23 13:05:38 INFO  time: initialize in 1.06s
2023.06.23 13:05:42 WARN  Build server is not auto-connectable.
2023.06.23 13:05:42 WARN  no build tool detected in workspace 'C:\Users\Lumbini\Desktop\UCSC\2nd Year\2nd Year 1st Sem\SCS2204 - Functional Programming\Lab Sheet 02'. The most common cause for this problem is that the editor was opened in the wrong working directory, for example if you use sbt then the workspace directory should contain build.sbt. 
2023.06.23 13:05:42 WARN  no build target for: C:\Users\Lumbini\Desktop\UCSC\2nd Year\2nd Year 1st Sem\SCS2204 - Functional Programming\Lab Sheet 02\Q3.scala
2023.06.23 13:05:42 WARN  no build target for: C:\Users\Lumbini\Desktop\UCSC\2nd Year\2nd Year 1st Sem\SCS2204 - Functional Programming\Lab Sheet 02\Q4.scala
2023.06.23 13:05:47 INFO  no build target found for C:\Users\Lumbini\Desktop\UCSC\2nd Year\2nd Year 1st Sem\SCS2204 - Functional Programming\Lab Sheet 02\Q3.scala. Using presentation compiler with project's scala-library version: 3.2.2
2023.06.23 13:05:50 INFO  time: code lens generation in 8.53s
2023.06.23 13:06:11 WARN  no build target for: C:\Users\Lumbini\Desktop\UCSC\2nd Year\2nd Year 1st Sem\SCS2204 - Functional Programming\Lab Sheet 02\Q2.scala
2023.06.23 13:06:25 WARN  no build target for: C:\Users\Lumbini\Desktop\UCSC\2nd Year\2nd Year 1st Sem\SCS2204 - Functional Programming\Lab Sheet 02\Q1.scala
2023.06.23 13:07:28 WARN  no build target for: C:\Users\Lumbini\Desktop\UCSC\2nd Year\2nd Year 1st Sem\SCS2204 - Functional Programming\Lab Sheet 02\Q1.scala
2023.06.23 13:08:33 WARN  no build target for: C:\Users\Lumbini\Desktop\UCSC\2nd Year\2nd Year 1st Sem\SCS2204 - Functional Programming\Lab Sheet 02\Q2.scala
2023.06.23 13:08:46 WARN  no build target for: C:\Users\Lumbini\Desktop\UCSC\2nd Year\2nd Year 1st Sem\SCS2204 - Functional Programming\Lab Sheet 02\Q2.scala
2023.06.23 13:09:38 WARN  no build target for: C:\Users\Lumbini\Desktop\UCSC\2nd Year\2nd Year 1st Sem\SCS2204 - Functional Programming\Lab Sheet 02\Q4.scala
Exception in thread "pool-3-thread-1" java.lang.InterruptedException
	at scala.meta.internal.metals.FutureCancelToken.checkCanceled(FutureCancelToken.scala:29)
	at scala.meta.internal.pc.CompilerAccess.onCompilerJobQueue$$anonfun$1(CompilerAccess.scala:195)
	at scala.meta.internal.pc.CompilerJobQueue$Job.run(CompilerJobQueue.scala:152)
	at java.base/java.util.concurrent.ThreadPoolExecutor.runWorker(ThreadPoolExecutor.java:1136)
	at java.base/java.util.concurrent.ThreadPoolExecutor$Worker.run(ThreadPoolExecutor.java:635)
	at java.base/java.lang.Thread.run(Thread.java:833)
2023.06.23 13:09:39 WARN  no build target for: C:\Users\Lumbini\Desktop\UCSC\2nd Year\2nd Year 1st Sem\SCS2204 - Functional Programming\Lab Sheet 02\Q4.scala
2023.06.23 13:35:42 INFO  Shutting down server
2023.06.23 13:35:42 INFO  shutting down Metals
2023.06.23 13:35:42 INFO  Exiting server
2023.06.23 13:36:11 INFO  Started: Metals version 0.11.12 in workspace 'C:\Users\Lumbini\Desktop\UCSC\2nd Year\2nd Year 1st Sem\SCS2204 - Functional Programming\Lab Sheet 02' for client Visual Studio Code 1.79.2.
Jun 23, 2023 1:36:11 PM org.flywaydb.core.internal.license.VersionPrinter printVersionOnly
INFO: Flyway Community Edition 9.16.3 by Redgate
Jun 23, 2023 1:36:11 PM org.flywaydb.core.internal.license.VersionPrinter printVersion
INFO: See release notes here: https://rd.gt/416ObMi
Jun 23, 2023 1:36:11 PM org.flywaydb.core.internal.license.VersionPrinter printVersion
INFO: 
Jun 23, 2023 1:36:11 PM org.flywaydb.core.internal.database.base.BaseDatabaseType createDatabase
INFO: Database: jdbc:h2:file:C:\Users\Lumbini\Desktop\UCSC\2nd Year\2nd Year 1st Sem\SCS2204 - Functional Programming\Lab Sheet 02\.metals\metals (H2 2.1)
Jun 23, 2023 1:36:12 PM org.flywaydb.core.internal.command.DbValidate validate
INFO: Successfully validated 4 migrations (execution time 00:00.042s)
Jun 23, 2023 1:36:12 PM org.flywaydb.core.internal.command.DbMigrate migrateGroup
INFO: Current version of schema "PUBLIC": 4
Jun 23, 2023 1:36:12 PM org.flywaydb.core.internal.command.DbMigrate logSummary
INFO: Schema "PUBLIC" is up to date. No migration necessary.
2023.06.23 13:36:12 INFO  time: initialize in 1.01s
2023.06.23 13:36:16 WARN  Build server is not auto-connectable.
2023.06.23 13:36:16 WARN  no build tool detected in workspace 'C:\Users\Lumbini\Desktop\UCSC\2nd Year\2nd Year 1st Sem\SCS2204 - Functional Programming\Lab Sheet 02'. The most common cause for this problem is that the editor was opened in the wrong working directory, for example if you use sbt then the workspace directory should contain build.sbt. 
2023.06.23 13:36:16 WARN  no build target for: C:\Users\Lumbini\Desktop\UCSC\2nd Year\2nd Year 1st Sem\SCS2204 - Functional Programming\Lab Sheet 02\Q4.scala
2023.06.23 13:36:21 INFO  no build target found for C:\Users\Lumbini\Desktop\UCSC\2nd Year\2nd Year 1st Sem\SCS2204 - Functional Programming\Lab Sheet 02\Q4.scala. Using presentation compiler with project's scala-library version: 3.2.2
2023.06.23 13:36:24 INFO  Shutting down server
2023.06.23 13:36:24 INFO  shutting down Metals
Jun 23, 2023 1:36:26 PM org.flywaydb.core.internal.database.base.BaseDatabaseType createDatabase
INFO: Database: jdbc:h2:file:C:\Users\Lumbini\Desktop\UCSC\2nd Year\2nd Year 1st Sem\SCS2204 - Functional Programming\Lab Sheet 02\.metals\metals (H2 2.1)
Jun 23, 2023 1:36:26 PM org.flywaydb.core.internal.command.DbValidate validate
INFO: Successfully validated 4 migrations (execution time 00:00.011s)
Jun 23, 2023 1:36:26 PM org.flywaydb.core.internal.command.DbMigrate migrateGroup
INFO: Current version of schema "PUBLIC": 4
Jun 23, 2023 1:36:26 PM org.flywaydb.core.internal.command.DbMigrate logSummary
INFO: Schema "PUBLIC" is up to date. No migration necessary.
